running egg_info
writing ../build/map_location_switch/map_location_switch.egg-info/PKG-INFO
writing dependency_links to ../build/map_location_switch/map_location_switch.egg-info/dependency_links.txt
writing entry points to ../build/map_location_switch/map_location_switch.egg-info/entry_points.txt
writing requirements to ../build/map_location_switch/map_location_switch.egg-info/requires.txt
writing top-level names to ../build/map_location_switch/map_location_switch.egg-info/top_level.txt
reading manifest file '../build/map_location_switch/map_location_switch.egg-info/SOURCES.txt'
writing manifest file '../build/map_location_switch/map_location_switch.egg-info/SOURCES.txt'
running build
running build_py
copying map_location_switch/map_location_switch.py -> /home/user/ros2_ws/src/build/map_location_switch/build/lib/map_location_switch
running install
running install_lib
copying /home/user/ros2_ws/src/build/map_location_switch/build/lib/map_location_switch/map_location_switch.py -> /home/user/ros2_ws/src/install/map_location_switch/lib/python3.10/site-packages/map_location_switch
byte-compiling /home/user/ros2_ws/src/install/map_location_switch/lib/python3.10/site-packages/map_location_switch/map_location_switch.py to map_location_switch.cpython-310.pyc
running install_data
running install_egg_info
removing '/home/user/ros2_ws/src/install/map_location_switch/lib/python3.10/site-packages/map_location_switch-0.0.0-py3.10.egg-info' (and everything under it)
Copying ../build/map_location_switch/map_location_switch.egg-info to /home/user/ros2_ws/src/install/map_location_switch/lib/python3.10/site-packages/map_location_switch-0.0.0-py3.10.egg-info
running install_scripts
Installing map_location_switch script to /home/user/ros2_ws/src/install/map_location_switch/lib/map_location_switch
Installing test_value script to /home/user/ros2_ws/src/install/map_location_switch/lib/map_location_switch
writing list of installed files to '/home/user/ros2_ws/src/build/map_location_switch/install.log'
