[0.353s] DEBUG:colcon:Command line arguments: ['/home/user/.espressif/python_env/idf5.4_py3.10_env/bin/colcon', 'build', '--packages-select', 'map_location_switch']
[0.354s] DEBUG:colcon:Parsed command line arguments: Namespace(log_base=None, log_level=None, verb_name='build', build_base='build', install_base='install', merge_install=False, symlink_install=False, test_result_base=None, continue_on_error=False, executor='parallel', parallel_workers=6, event_handlers=None, ignore_user_meta=False, metas=['./colcon.meta'], base_paths=['.'], packages_ignore=None, packages_ignore_regex=None, paths=None, packages_up_to=None, packages_up_to_regex=None, packages_above=None, packages_above_and_dependencies=None, packages_above_depth=None, packages_select_by_dep=None, packages_skip_by_dep=None, packages_skip_up_to=None, packages_select_build_failed=False, packages_skip_build_finished=False, packages_select_test_failures=False, packages_skip_test_passed=False, packages_select=['map_location_switch'], packages_skip=None, packages_select_regex=None, packages_skip_regex=None, packages_start=None, packages_end=None, cmake_args=None, cmake_target=None, cmake_target_skip_unavailable=False, cmake_clean_cache=False, cmake_clean_first=False, cmake_force_configure=False, ament_cmake_args=None, catkin_cmake_args=None, catkin_skip_building_tests=False, verb_parser=<colcon_defaults.argument_parser.defaults.DefaultArgumentsDecorator object at 0xffff840fdc00>, verb_extension=<colcon_core.verb.build.BuildVerb object at 0xffff840fd540>, main=<bound method BuildVerb.main of <colcon_core.verb.build.BuildVerb object at 0xffff840fd540>>)
[0.472s] Level 1:colcon.colcon_core.package_discovery:discover_packages(colcon_meta) check parameters
[0.472s] Level 1:colcon.colcon_core.package_discovery:discover_packages(recursive) check parameters
[0.472s] Level 1:colcon.colcon_core.package_discovery:discover_packages(ignore) check parameters
[0.472s] Level 1:colcon.colcon_core.package_discovery:discover_packages(path) check parameters
[0.472s] Level 1:colcon.colcon_core.package_discovery:discover_packages(colcon_meta) discover
[0.472s] Level 1:colcon.colcon_core.package_discovery:discover_packages(recursive) discover
[0.473s] INFO:colcon.colcon_core.package_discovery:Crawling recursively for packages in '/home/user/ros2_ws/src'
[0.473s] Level 1:colcon.colcon_core.package_identification:_identify(.) by extensions ['ignore', 'ignore_ament_install']
[0.473s] Level 1:colcon.colcon_core.package_identification:_identify(.) by extension 'ignore'
[0.473s] Level 1:colcon.colcon_core.package_identification:_identify(.) by extension 'ignore_ament_install'
[0.473s] Level 1:colcon.colcon_core.package_identification:_identify(.) by extensions ['colcon_pkg']
[0.473s] Level 1:colcon.colcon_core.package_identification:_identify(.) by extension 'colcon_pkg'
[0.473s] Level 1:colcon.colcon_core.package_identification:_identify(.) by extensions ['colcon_meta']
[0.473s] Level 1:colcon.colcon_core.package_identification:_identify(.) by extension 'colcon_meta'
[0.473s] Level 1:colcon.colcon_core.package_identification:_identify(.) by extensions ['ros']
[0.474s] Level 1:colcon.colcon_core.package_identification:_identify(.) by extension 'ros'
[0.537s] Level 1:colcon.colcon_core.package_identification:_identify(.) by extensions ['cmake', 'python']
[0.538s] Level 1:colcon.colcon_core.package_identification:_identify(.) by extension 'cmake'
[0.538s] Level 1:colcon.colcon_core.package_identification:_identify(.) by extension 'python'
[0.538s] Level 1:colcon.colcon_core.package_identification:_identify(.) by extensions ['python_setup_py']
[0.538s] Level 1:colcon.colcon_core.package_identification:_identify(.) by extension 'python_setup_py'
[0.538s] Level 1:colcon.colcon_core.package_identification:_identify(build) by extensions ['ignore', 'ignore_ament_install']
[0.538s] Level 1:colcon.colcon_core.package_identification:_identify(build) by extension 'ignore'
[0.538s] Level 1:colcon.colcon_core.package_identification:_identify(build) ignored
[0.539s] Level 1:colcon.colcon_core.package_identification:_identify(esp_bridge) by extensions ['ignore', 'ignore_ament_install']
[0.539s] Level 1:colcon.colcon_core.package_identification:_identify(esp_bridge) by extension 'ignore'
[0.539s] Level 1:colcon.colcon_core.package_identification:_identify(esp_bridge) by extension 'ignore_ament_install'
[0.539s] Level 1:colcon.colcon_core.package_identification:_identify(esp_bridge) by extensions ['colcon_pkg']
[0.539s] Level 1:colcon.colcon_core.package_identification:_identify(esp_bridge) by extension 'colcon_pkg'
[0.539s] Level 1:colcon.colcon_core.package_identification:_identify(esp_bridge) by extensions ['colcon_meta']
[0.539s] Level 1:colcon.colcon_core.package_identification:_identify(esp_bridge) by extension 'colcon_meta'
[0.539s] Level 1:colcon.colcon_core.package_identification:_identify(esp_bridge) by extensions ['ros']
[0.539s] Level 1:colcon.colcon_core.package_identification:_identify(esp_bridge) by extension 'ros'
[0.547s] DEBUG:colcon.colcon_core.package_identification:Package 'esp_bridge' with type 'ros.ament_python' and name 'esp_bridge'
[0.548s] Level 1:colcon.colcon_core.package_identification:_identify(install) by extensions ['ignore', 'ignore_ament_install']
[0.548s] Level 1:colcon.colcon_core.package_identification:_identify(install) by extension 'ignore'
[0.548s] Level 1:colcon.colcon_core.package_identification:_identify(install) ignored
[0.548s] Level 1:colcon.colcon_core.package_identification:_identify(landmarks_to_occupancy-main) by extensions ['ignore', 'ignore_ament_install']
[0.549s] Level 1:colcon.colcon_core.package_identification:_identify(landmarks_to_occupancy-main) by extension 'ignore'
[0.549s] Level 1:colcon.colcon_core.package_identification:_identify(landmarks_to_occupancy-main) by extension 'ignore_ament_install'
[0.549s] Level 1:colcon.colcon_core.package_identification:_identify(landmarks_to_occupancy-main) by extensions ['colcon_pkg']
[0.549s] Level 1:colcon.colcon_core.package_identification:_identify(landmarks_to_occupancy-main) by extension 'colcon_pkg'
[0.549s] Level 1:colcon.colcon_core.package_identification:_identify(landmarks_to_occupancy-main) by extensions ['colcon_meta']
[0.549s] Level 1:colcon.colcon_core.package_identification:_identify(landmarks_to_occupancy-main) by extension 'colcon_meta'
[0.549s] Level 1:colcon.colcon_core.package_identification:_identify(landmarks_to_occupancy-main) by extensions ['ros']
[0.549s] Level 1:colcon.colcon_core.package_identification:_identify(landmarks_to_occupancy-main) by extension 'ros'
[0.550s] DEBUG:colcon.colcon_core.package_identification:Package 'landmarks_to_occupancy-main' with type 'ros.ament_python' and name 'landmarks_to_occupancy'
[0.550s] Level 1:colcon.colcon_core.package_identification:_identify(log) by extensions ['ignore', 'ignore_ament_install']
[0.551s] Level 1:colcon.colcon_core.package_identification:_identify(log) by extension 'ignore'
[0.551s] Level 1:colcon.colcon_core.package_identification:_identify(log) ignored
[0.551s] Level 1:colcon.colcon_core.package_identification:_identify(map_location_switch-main) by extensions ['ignore', 'ignore_ament_install']
[0.551s] Level 1:colcon.colcon_core.package_identification:_identify(map_location_switch-main) by extension 'ignore'
[0.551s] Level 1:colcon.colcon_core.package_identification:_identify(map_location_switch-main) by extension 'ignore_ament_install'
[0.551s] Level 1:colcon.colcon_core.package_identification:_identify(map_location_switch-main) by extensions ['colcon_pkg']
[0.551s] Level 1:colcon.colcon_core.package_identification:_identify(map_location_switch-main) by extension 'colcon_pkg'
[0.551s] Level 1:colcon.colcon_core.package_identification:_identify(map_location_switch-main) by extensions ['colcon_meta']
[0.551s] Level 1:colcon.colcon_core.package_identification:_identify(map_location_switch-main) by extension 'colcon_meta'
[0.551s] Level 1:colcon.colcon_core.package_identification:_identify(map_location_switch-main) by extensions ['ros']
[0.551s] Level 1:colcon.colcon_core.package_identification:_identify(map_location_switch-main) by extension 'ros'
[0.552s] DEBUG:colcon.colcon_core.package_identification:Package 'map_location_switch-main' with type 'ros.ament_python' and name 'map_location_switch'
[0.552s] Level 1:colcon.colcon_core.package_identification:_identify(my_nav2_bringup-main) by extensions ['ignore', 'ignore_ament_install']
[0.553s] Level 1:colcon.colcon_core.package_identification:_identify(my_nav2_bringup-main) by extension 'ignore'
[0.553s] Level 1:colcon.colcon_core.package_identification:_identify(my_nav2_bringup-main) by extension 'ignore_ament_install'
[0.553s] Level 1:colcon.colcon_core.package_identification:_identify(my_nav2_bringup-main) by extensions ['colcon_pkg']
[0.553s] Level 1:colcon.colcon_core.package_identification:_identify(my_nav2_bringup-main) by extension 'colcon_pkg'
[0.553s] Level 1:colcon.colcon_core.package_identification:_identify(my_nav2_bringup-main) by extensions ['colcon_meta']
[0.553s] Level 1:colcon.colcon_core.package_identification:_identify(my_nav2_bringup-main) by extension 'colcon_meta'
[0.553s] Level 1:colcon.colcon_core.package_identification:_identify(my_nav2_bringup-main) by extensions ['ros']
[0.553s] Level 1:colcon.colcon_core.package_identification:_identify(my_nav2_bringup-main) by extension 'ros'
[0.555s] DEBUG:colcon.colcon_core.package_identification:Package 'my_nav2_bringup-main' with type 'ros.ament_python' and name 'my_nav2_bringup'
[0.555s] Level 1:colcon.colcon_core.package_discovery:discover_packages(recursive) using defaults
[0.555s] Level 1:colcon.colcon_core.package_discovery:discover_packages(ignore) discover
[0.555s] Level 1:colcon.colcon_core.package_discovery:discover_packages(ignore) using defaults
[0.555s] Level 1:colcon.colcon_core.package_discovery:discover_packages(path) discover
[0.555s] Level 1:colcon.colcon_core.package_discovery:discover_packages(path) using defaults
[0.616s] INFO:colcon.colcon_core.package_selection:Skipping not selected package 'esp_bridge' in 'esp_bridge'
[0.617s] INFO:colcon.colcon_core.package_selection:Skipping not selected package 'landmarks_to_occupancy' in 'landmarks_to_occupancy-main'
[0.617s] INFO:colcon.colcon_core.package_selection:Skipping not selected package 'my_nav2_bringup' in 'my_nav2_bringup-main'
[0.617s] Level 5:colcon.colcon_core.verb:set package 'map_location_switch' build argument 'cmake_args' from command line to 'None'
[0.617s] Level 5:colcon.colcon_core.verb:set package 'map_location_switch' build argument 'cmake_target' from command line to 'None'
[0.617s] Level 5:colcon.colcon_core.verb:set package 'map_location_switch' build argument 'cmake_target_skip_unavailable' from command line to 'False'
[0.618s] Level 5:colcon.colcon_core.verb:set package 'map_location_switch' build argument 'cmake_clean_cache' from command line to 'False'
[0.618s] Level 5:colcon.colcon_core.verb:set package 'map_location_switch' build argument 'cmake_clean_first' from command line to 'False'
[0.618s] Level 5:colcon.colcon_core.verb:set package 'map_location_switch' build argument 'cmake_force_configure' from command line to 'False'
[0.618s] Level 5:colcon.colcon_core.verb:set package 'map_location_switch' build argument 'ament_cmake_args' from command line to 'None'
[0.618s] Level 5:colcon.colcon_core.verb:set package 'map_location_switch' build argument 'catkin_cmake_args' from command line to 'None'
[0.618s] Level 5:colcon.colcon_core.verb:set package 'map_location_switch' build argument 'catkin_skip_building_tests' from command line to 'False'
[0.618s] DEBUG:colcon.colcon_core.verb:Building package 'map_location_switch' with the following arguments: {'ament_cmake_args': None, 'build_base': '/home/user/ros2_ws/src/build/map_location_switch', 'catkin_cmake_args': None, 'catkin_skip_building_tests': False, 'cmake_args': None, 'cmake_clean_cache': False, 'cmake_clean_first': False, 'cmake_force_configure': False, 'cmake_target': None, 'cmake_target_skip_unavailable': False, 'install_base': '/home/user/ros2_ws/src/install/map_location_switch', 'merge_install': False, 'path': '/home/user/ros2_ws/src/map_location_switch-main', 'symlink_install': False, 'test_result_base': None}
[0.618s] INFO:colcon.colcon_core.executor:Executing jobs using 'parallel' executor
[0.620s] DEBUG:colcon.colcon_parallel_executor.executor.parallel:run_until_complete
[0.623s] INFO:colcon.colcon_ros.task.ament_python.build:Building ROS package in '/home/user/ros2_ws/src/map_location_switch-main' with build type 'ament_python'
[0.624s] Level 1:colcon.colcon_core.shell:create_environment_hook('map_location_switch', 'ament_prefix_path')
[0.632s] INFO:colcon.colcon_core.plugin_system:Skipping extension 'colcon_core.shell.bat': Not used on non-Windows systems
[0.632s] INFO:colcon.colcon_core.shell:Creating environment hook '/home/user/ros2_ws/src/install/map_location_switch/share/map_location_switch/hook/ament_prefix_path.ps1'
[0.635s] INFO:colcon.colcon_core.shell:Creating environment descriptor '/home/user/ros2_ws/src/install/map_location_switch/share/map_location_switch/hook/ament_prefix_path.dsv'
[0.639s] INFO:colcon.colcon_core.shell:Creating environment hook '/home/user/ros2_ws/src/install/map_location_switch/share/map_location_switch/hook/ament_prefix_path.sh'
[0.642s] INFO:colcon.colcon_core.shell:Skip shell extension 'powershell' for command environment: Not usable outside of PowerShell
[0.642s] DEBUG:colcon.colcon_core.shell:Skip shell extension 'dsv' for command environment
[1.137s] INFO:colcon.colcon_core.task.python.build:Building Python package in '/home/user/ros2_ws/src/map_location_switch-main'
[1.137s] INFO:colcon.colcon_core.shell:Skip shell extension 'powershell' for command environment: Not usable outside of PowerShell
[1.138s] DEBUG:colcon.colcon_core.shell:Skip shell extension 'dsv' for command environment
[2.498s] DEBUG:colcon.colcon_core.event_handler.log_command:Invoking command in '/home/user/ros2_ws/src/map_location_switch-main': PYTHONPATH=/home/user/ros2_ws/src/build/map_location_switch/prefix_override:/home/user/.espressif/python_env/idf5.4_py3.10_env/lib/python3.10/site-packages/colcon_core/task/python/colcon_distutils_commands:/home/user/ros2_ws/src/install/map_location_switch/lib/python3.10/site-packages:${PYTHONPATH} /home/user/.espressif/python_env/idf5.4_py3.10_env/bin/python3 -W ignore:setup.py install is deprecated -W ignore:easy_install command is deprecated setup.py egg_info --egg-base ../build/map_location_switch build --build-base /home/user/ros2_ws/src/build/map_location_switch/build install --record /home/user/ros2_ws/src/build/map_location_switch/install.log --single-version-externally-managed install_data
[4.070s] DEBUG:colcon.colcon_core.event_handler.log_command:Invoked command in '/home/user/ros2_ws/src/map_location_switch-main' returned '0': PYTHONPATH=/home/user/ros2_ws/src/build/map_location_switch/prefix_override:/home/user/.espressif/python_env/idf5.4_py3.10_env/lib/python3.10/site-packages/colcon_core/task/python/colcon_distutils_commands:/home/user/ros2_ws/src/install/map_location_switch/lib/python3.10/site-packages:${PYTHONPATH} /home/user/.espressif/python_env/idf5.4_py3.10_env/bin/python3 -W ignore:setup.py install is deprecated -W ignore:easy_install command is deprecated setup.py egg_info --egg-base ../build/map_location_switch build --build-base /home/user/ros2_ws/src/build/map_location_switch/build install --record /home/user/ros2_ws/src/build/map_location_switch/install.log --single-version-externally-managed install_data
[4.118s] Level 1:colcon.colcon_core.environment:checking '/home/user/ros2_ws/src/install/map_location_switch' for CMake module files
[4.119s] Level 1:colcon.colcon_core.environment:checking '/home/user/ros2_ws/src/install/map_location_switch' for CMake config files
[4.122s] Level 1:colcon.colcon_core.environment:checking '/home/user/ros2_ws/src/install/map_location_switch/lib'
[4.123s] Level 1:colcon.colcon_core.environment:checking '/home/user/ros2_ws/src/install/map_location_switch/bin'
[4.123s] Level 1:colcon.colcon_core.environment:checking '/home/user/ros2_ws/src/install/map_location_switch/lib/pkgconfig/map_location_switch.pc'
[4.123s] Level 1:colcon.colcon_core.environment:checking '/home/user/ros2_ws/src/install/map_location_switch/lib/python3.10/site-packages'
[4.124s] Level 1:colcon.colcon_core.shell:create_environment_hook('map_location_switch', 'pythonpath')
[4.124s] INFO:colcon.colcon_core.shell:Creating environment hook '/home/user/ros2_ws/src/install/map_location_switch/share/map_location_switch/hook/pythonpath.ps1'
[4.136s] INFO:colcon.colcon_core.shell:Creating environment descriptor '/home/user/ros2_ws/src/install/map_location_switch/share/map_location_switch/hook/pythonpath.dsv'
[4.139s] INFO:colcon.colcon_core.shell:Creating environment hook '/home/user/ros2_ws/src/install/map_location_switch/share/map_location_switch/hook/pythonpath.sh'
[4.142s] Level 1:colcon.colcon_core.environment:checking '/home/user/ros2_ws/src/install/map_location_switch/bin'
[4.143s] Level 1:colcon.colcon_core.environment:create_environment_scripts_only(map_location_switch)
[4.143s] INFO:colcon.colcon_core.shell:Creating package script '/home/user/ros2_ws/src/install/map_location_switch/share/map_location_switch/package.ps1'
[4.155s] INFO:colcon.colcon_core.shell:Creating package descriptor '/home/user/ros2_ws/src/install/map_location_switch/share/map_location_switch/package.dsv'
[4.162s] INFO:colcon.colcon_core.shell:Creating package script '/home/user/ros2_ws/src/install/map_location_switch/share/map_location_switch/package.sh'
[4.165s] INFO:colcon.colcon_core.shell:Creating package script '/home/user/ros2_ws/src/install/map_location_switch/share/map_location_switch/package.bash'
[4.168s] INFO:colcon.colcon_core.shell:Creating package script '/home/user/ros2_ws/src/install/map_location_switch/share/map_location_switch/package.zsh'
[4.177s] Level 1:colcon.colcon_core.environment:create_file_with_runtime_dependencies(/home/user/ros2_ws/src/install/map_location_switch/share/colcon-core/packages/map_location_switch)
[4.179s] DEBUG:colcon.colcon_parallel_executor.executor.parallel:closing loop
[4.179s] DEBUG:colcon.colcon_parallel_executor.executor.parallel:loop closed
[4.189s] DEBUG:colcon.colcon_parallel_executor.executor.parallel:run_until_complete finished with '0'
[4.190s] DEBUG:colcon.colcon_core.event_reactor:joining thread
[4.204s] INFO:colcon.colcon_core.plugin_system:Skipping extension 'colcon_notification.desktop_notification.notify2': 'notify2' not found
[4.205s] INFO:colcon.colcon_core.plugin_system:Skipping extension 'colcon_notification.desktop_notification.terminal_notifier': Not used on non-Darwin systems
[4.205s] INFO:colcon.colcon_core.plugin_system:Skipping extension 'colcon_notification.desktop_notification.win32': Not used on non-Windows systems
[4.205s] INFO:colcon.colcon_notification.desktop_notification:Sending desktop notification using 'notify_send'
[4.324s] DEBUG:colcon.colcon_core.event_reactor:joined thread
[4.325s] INFO:colcon.colcon_core.shell:Creating prefix script '/home/user/ros2_ws/src/install/local_setup.ps1'
[4.331s] INFO:colcon.colcon_core.shell:Creating prefix util module '/home/user/ros2_ws/src/install/_local_setup_util_ps1.py'
[4.340s] INFO:colcon.colcon_core.shell:Creating prefix chain script '/home/user/ros2_ws/src/install/setup.ps1'
[4.346s] INFO:colcon.colcon_core.shell:Creating prefix script '/home/user/ros2_ws/src/install/local_setup.sh'
[4.352s] INFO:colcon.colcon_core.shell:Creating prefix util module '/home/user/ros2_ws/src/install/_local_setup_util_sh.py'
[4.356s] INFO:colcon.colcon_core.shell:Creating prefix chain script '/home/user/ros2_ws/src/install/setup.sh'
[4.365s] INFO:colcon.colcon_core.shell:Creating prefix script '/home/user/ros2_ws/src/install/local_setup.bash'
[4.368s] INFO:colcon.colcon_core.shell:Creating prefix chain script '/home/user/ros2_ws/src/install/setup.bash'
[4.376s] INFO:colcon.colcon_core.shell:Creating prefix script '/home/user/ros2_ws/src/install/local_setup.zsh'
[4.386s] INFO:colcon.colcon_core.shell:Creating prefix chain script '/home/user/ros2_ws/src/install/setup.zsh'
